Build started 23/02/2011 6:38:48 PM.
     1>Project "C:\PSPProjects\MinecraftPSP\MinecraftPSP\MinecraftPSP\MinecraftPSP.vcxproj" on node 2 (build target(s)).
     1>Build:
         vsmake && copy EBOOT.PBP G:\PSP\GAME\MinecraftPSP
         psp-g++ -IC:\pspdev\psp\Projects\PSPPractice\PSPPractice -I. -IC:/pspsdk/psp/sdk/include -O2 -G0 -Wall -IC:/pspsdk/psp/sdk/../include  -fsingle-precision-constant -g -Wall -O2  -IC:\pspdev\psp\Projects\PSPPractice\PSPPractice -I. -IC:/pspsdk/psp/sdk/include -O2 -G0 -Wall -IC:/pspsdk/psp/sdk/../include  -fsingle-precision-constant -g -Wall -O2  -fno-exceptions -fno-rtti -D_PSP_FW_VERSION=150   -c -o Main.o Main.cpp
         Main.cpp: In function 'int main(int, char**)':
     1>Main.cpp(59): warning : deprecated conversion from string constant to 'char*'
     1>Main.cpp(62): warning : deprecated conversion from string constant to 'char*'
         psp-g++ -IC:\pspdev\psp\Projects\PSPPractice\PSPPractice -I. -IC:/pspsdk/psp/sdk/include -O2 -G0 -Wall -IC:/pspsdk/psp/sdk/../include  -fsingle-precision-constant -g -Wall -O2  -IC:\pspdev\psp\Projects\PSPPractice\PSPPractice -I. -IC:/pspsdk/psp/sdk/include -O2 -G0 -Wall -IC:/pspsdk/psp/sdk/../include  -fsingle-precision-constant -g -Wall -O2  -fno-exceptions -fno-rtti -D_PSP_FW_VERSION=150   -c -o Display.o Display.cpp
         psp-g++ -IC:\pspdev\psp\Projects\PSPPractice\PSPPractice -I. -IC:/pspsdk/psp/sdk/include -O2 -G0 -Wall -IC:/pspsdk/psp/sdk/../include  -fsingle-precision-constant -g -Wall -O2  -IC:\pspdev\psp\Projects\PSPPractice\PSPPractice -I. -IC:/pspsdk/psp/sdk/include -O2 -G0 -Wall -IC:/pspsdk/psp/sdk/../include  -fsingle-precision-constant -g -Wall -O2  -fno-exceptions -fno-rtti -D_PSP_FW_VERSION=150   -c -o Triangle.o Triangle.cpp
         psp-g++ -IC:\pspdev\psp\Projects\PSPPractice\PSPPractice -I. -IC:/pspsdk/psp/sdk/include -O2 -G0 -Wall -IC:/pspsdk/psp/sdk/../include  -fsingle-precision-constant -g -Wall -O2  -IC:\pspdev\psp\Projects\PSPPractice\PSPPractice -I. -IC:/pspsdk/psp/sdk/include -O2 -G0 -Wall -IC:/pspsdk/psp/sdk/../include  -fsingle-precision-constant -g -Wall -O2  -fno-exceptions -fno-rtti -D_PSP_FW_VERSION=150   -c -o Cube.o Cube.cpp
         psp-g++ -IC:\pspdev\psp\Projects\PSPPractice\PSPPractice -I. -IC:/pspsdk/psp/sdk/include -O2 -G0 -Wall -IC:/pspsdk/psp/sdk/../include  -fsingle-precision-constant -g -Wall -O2  -IC:\pspdev\psp\Projects\PSPPractice\PSPPractice -I. -IC:/pspsdk/psp/sdk/include -O2 -G0 -Wall -IC:/pspsdk/psp/sdk/../include  -fsingle-precision-constant -g -Wall -O2  -fno-exceptions -fno-rtti -D_PSP_FW_VERSION=150   -c -o Controller.o Controller.cpp
         psp-g++ -IC:\pspdev\psp\Projects\PSPPractice\PSPPractice -I. -IC:/pspsdk/psp/sdk/include -O2 -G0 -Wall -IC:/pspsdk/psp/sdk/../include  -fsingle-precision-constant -g -Wall -O2  -IC:\pspdev\psp\Projects\PSPPractice\PSPPractice -I. -IC:/pspsdk/psp/sdk/include -O2 -G0 -Wall -IC:/pspsdk/psp/sdk/../include  -fsingle-precision-constant -g -Wall -O2  -fno-exceptions -fno-rtti -D_PSP_FW_VERSION=150   -c -o Vector.o Vector.cpp
         psp-g++ -IC:\pspdev\psp\Projects\PSPPractice\PSPPractice -I. -IC:/pspsdk/psp/sdk/include -O2 -G0 -Wall -IC:/pspsdk/psp/sdk/../include  -fsingle-precision-constant -g -Wall -O2  -IC:\pspdev\psp\Projects\PSPPractice\PSPPractice -I. -IC:/pspsdk/psp/sdk/include -O2 -G0 -Wall -IC:/pspsdk/psp/sdk/../include  -fsingle-precision-constant -g -Wall -O2  -fno-exceptions -fno-rtti -D_PSP_FW_VERSION=150   -c -o Texture.o Texture.cpp
         Texture.cpp: In member function 'Image* Texture::loadImage(char*)':
     1>Texture.cpp(101): warning : comparison between signed and unsigned integer expressions
     1>Texture.cpp(103): warning : comparison between signed and unsigned integer expressions
         psp-g++ -IC:\pspdev\psp\Projects\PSPPractice\PSPPractice -I. -IC:/pspsdk/psp/sdk/include -O2 -G0 -Wall -IC:/pspsdk/psp/sdk/../include  -fsingle-precision-constant -g -Wall -O2  -IC:\pspdev\psp\Projects\PSPPractice\PSPPractice -I. -IC:/pspsdk/psp/sdk/include -O2 -G0 -Wall -IC:/pspsdk/psp/sdk/../include  -fsingle-precision-constant -g -Wall -O2  -fno-exceptions -fno-rtti -D_PSP_FW_VERSION=150   -c -o FileManager.o FileManager.cpp
         psp-g++ -IC:\pspdev\psp\Projects\PSPPractice\PSPPractice -I. -IC:/pspsdk/psp/sdk/include -O2 -G0 -Wall -IC:/pspsdk/psp/sdk/../include  -fsingle-precision-constant -g -Wall -O2  -IC:\pspdev\psp\Projects\PSPPractice\PSPPractice -I. -IC:/pspsdk/psp/sdk/include -O2 -G0 -Wall -IC:/pspsdk/psp/sdk/../include  -fsingle-precision-constant -g -Wall -O2  -fno-exceptions -fno-rtti -D_PSP_FW_VERSION=150   -c -o WorldManager.o WorldManager.cpp
         psp-g++ -IC:\pspdev\psp\Projects\PSPPractice\PSPPractice -I. -IC:/pspsdk/psp/sdk/include -O2 -G0 -Wall -IC:/pspsdk/psp/sdk/../include  -fsingle-precision-constant -g -Wall -O2  -IC:\pspdev\psp\Projects\PSPPractice\PSPPractice -I. -IC:/pspsdk/psp/sdk/include -O2 -G0 -Wall -IC:/pspsdk/psp/sdk/../include  -fsingle-precision-constant -g -Wall -O2  -fno-exceptions -fno-rtti -D_PSP_FW_VERSION=150   -c -o Inventory.o Inventory.cpp
         Inventory.cpp: In constructor 'Inventory::Inventory(float*)':
     1>Inventory.cpp(39): warning : unused variable 'temp'
         psp-g++ -IC:\pspdev\psp\Projects\PSPPractice\PSPPractice -I. -IC:/pspsdk/psp/sdk/include -O2 -G0 -Wall -IC:/pspsdk/psp/sdk/../include  -fsingle-precision-constant -g -Wall -O2  -IC:\pspdev\psp\Projects\PSPPractice\PSPPractice -I. -IC:/pspsdk/psp/sdk/include -O2 -G0 -Wall -IC:/pspsdk/psp/sdk/../include  -fsingle-precision-constant -g -Wall -O2  -fno-exceptions -fno-rtti -D_PSP_FW_VERSION=150   -c -o World.o World.cpp
         psp-gcc -IC:\pspdev\psp\Projects\PSPPractice\PSPPractice -I. -IC:/pspsdk/psp/sdk/include -O2 -G0 -Wall -IC:/pspsdk/psp/sdk/../include  -fsingle-precision-constant -g -Wall -O2  -D_PSP_FW_VERSION=150  -L. -LC:/pspsdk/psp/sdk/lib -DMODULE_NAME="lesson1" psp-setup.c  Main.o Display.o Triangle.o Cube.o Controller.o Vector.o Texture.o FileManager.o WorldManager.o Inventory.o World.o -lglut -lGLU -lGL -lm -lc -lpsputility -lpspdebug -lpspge -lpspdisplay -lpspctrl -lpspsdk -lpspvfpu -lpsplibc -lpspuser -lpspkernel -lpsprtc -lpsppower -lstdc++ -lpng -lz -lm -lpspdebug -lpspdisplay -lpspge -lpspctrl -lpspsdk -lc -lpspnet -lpspnet_inet -lpspnet_apctl -lpspnet_resolver -lpsputility -lpspuser -lpspkernel -o MinecraftPSP.elf
         psp-fixup-imports MinecraftPSP.elf
         mksfo 'MineCraft PSP' PARAM.SFO
         psp-strip MinecraftPSP.elf -o MinecraftPSP_strip.elf
         pack-pbp EBOOT.PBP PARAM.SFO ICON0.png  \
         	NULL NULL PIC1.png  \
         	NULL  MinecraftPSP_strip.elf NULL
         [0]        408 bytes | PARAM.SFO
         [1]      11711 bytes | ICON0.png
         [2]          0 bytes | NULL
         [3]          0 bytes | NULL
         [4]      26184 bytes | PIC1.png
         [5]          0 bytes | NULL
         [6]     311248 bytes | MinecraftPSP_strip.elf
         [7]          0 bytes | NULL
         C:/pspsdk/bin/rm -f MinecraftPSP_strip.elf
         The device is not ready.
                 0 file(s) copied.
     1>C:\Program Files\MSBuild\Microsoft.Cpp\v4.0\Microsoft.MakeFile.Targets(38,5): error MSB3073: The command "vsmake && copy EBOOT.PBP G:\PSP\GAME\MinecraftPSP" exited with code 1.
     1>Done Building Project "C:\PSPProjects\MinecraftPSP\MinecraftPSP\MinecraftPSP\MinecraftPSP.vcxproj" (build target(s)) -- FAILED.

Build FAILED.

Time Elapsed 00:00:07.87
