  psp-g++ -IC:\pspdev\psp\Projects\PSPPractice\PSPPractice -I. -IC:/pspsdk/psp/sdk/include -O2 -G0 -Wall -IC:/pspsdk/psp/sdk/../include  -fsingle-precision-constant -g -Wall -O2  -IC:\pspdev\psp\Projects\PSPPractice\PSPPractice -I. -IC:/pspsdk/psp/sdk/include -O2 -G0 -Wall -IC:/pspsdk/psp/sdk/../include  -fsingle-precision-constant -g -Wall -O2  -fno-exceptions -fno-rtti -D_PSP_FW_VERSION=150   -c -o Main.o Main.cpp
  Main.cpp: In function 'int main(int, char**)':
Main.cpp(83): warning : deprecated conversion from string constant to 'char*'
Main.cpp(86): warning : deprecated conversion from string constant to 'char*'
  psp-gcc -IC:\pspdev\psp\Projects\PSPPractice\PSPPractice -I. -IC:/pspsdk/psp/sdk/include -O2 -G0 -Wall -IC:/pspsdk/psp/sdk/../include  -fsingle-precision-constant -g -Wall -O2  -D_PSP_FW_VERSION=150  -L. -LC:/pspsdk/psp/sdk/lib -DMODULE_NAME="lesson1" psp-setup.c  Main.o Display.o Triangle.o Cube.o Controller.o Vector.o Texture.o FileManager.o WorldManager.o Inventory.o World.o -lglut -lGLU -lGL -lm -lc -lpsputility -lpspdebug -lpspge -lpspdisplay -lpspctrl -lpspsdk -lpspvfpu -lpsplibc -lpspuser -lpspkernel -lpsprtc -lpsppower -lstdc++ -lpng -lz -lm -lpspdebug -lpspdisplay -lpspge -lpspctrl -lpspsdk -lc -lpspnet -lpspnet_inet -lpspnet_apctl -lpspnet_resolver -lpsputility -lpspuser -lpspkernel -o MinecraftPSP.elf
  psp-fixup-imports MinecraftPSP.elf
  psp-strip MinecraftPSP.elf -o MinecraftPSP_strip.elf
  pack-pbp EBOOT.PBP PARAM.SFO ICON0.png  \
  	NULL NULL PIC1.png  \
  	NULL  MinecraftPSP_strip.elf NULL
  [0]        408 bytes | PARAM.SFO
  [1]      11711 bytes | ICON0.png
  [2]          0 bytes | NULL
  [3]          0 bytes | NULL
  [4]      26184 bytes | PIC1.png
  [5]          0 bytes | NULL
  [6]     314828 bytes | MinecraftPSP_strip.elf
  [7]          0 bytes | NULL
  C:/pspsdk/bin/rm -f MinecraftPSP_strip.elf
          1 file(s) copied.
