Build started 12/01/2011 6:42:32 PM.
     1>Project "E:\Work\C++\MC Coord\MC Coord\MC Coord.vcxproj" on node 2 (build target(s)).
     1>InitializeBuildStatus:
         Creating "Debug\MC Coord.unsuccessfulbuild" because "AlwaysCreate" was specified.
       ClCompile:
         C:\Program Files\Microsoft Visual Studio 10.0\VC\bin\CL.exe /c /ZI /nologo /W3 /WX- /Od /Oy- /D WIN32 /D _DEBUG /D _CONSOLE /D _UNICODE /D UNICODE /Gm /EHsc /RTC1 /MDd /GS /fp:precise /Zc:wchar_t /Zc:forScope /Fo"Debug\\" /Fd"Debug\vc100.pdb" /Gd /TP /analyze- /errorReport:prompt Main.cpp test.cpp
         test.cpp
     1>e:\work\c++\mc coord\mc coord\test.cpp(6): warning C4996: 'fopen': This function or variable may be unsafe. Consider using fopen_s instead. To disable deprecation, use _CRT_SECURE_NO_WARNINGS. See online help for details.
                 c:\program files\microsoft visual studio 10.0\vc\include\stdio.h(234) : see declaration of 'fopen'
         Main.cpp
         Generating Code...
       ManifestResourceCompile:
         C:\Program Files\Microsoft SDKs\Windows\v7.0A\bin\rc.exe /nologo /fo"Debug\MC Coord.exe.embed.manifest.res" "Debug\MC Coord_manifest.rc" 
       Link:
         C:\Program Files\Microsoft Visual Studio 10.0\VC\bin\link.exe /ERRORREPORT:PROMPT /OUT:"E:\Work\C++\MC Coord\Debug\MC Coord.exe" /INCREMENTAL /NOLOGO kernel32.lib user32.lib gdi32.lib winspool.lib comdlg32.lib advapi32.lib shell32.lib ole32.lib oleaut32.lib uuid.lib odbc32.lib odbccp32.lib /MANIFEST /ManifestFile:"Debug\MC Coord.exe.intermediate.manifest" /MANIFESTUAC:"level='asInvoker' uiAccess='false'" /DEBUG /PDB:"E:\Work\C++\MC Coord\Debug\MC Coord.pdb" /SUBSYSTEM:CONSOLE /TLBID:1 /DYNAMICBASE /NXCOMPAT /IMPLIB:"E:\Work\C++\MC Coord\Debug\MC Coord.lib" /MACHINE:X86 "Debug\MC Coord.exe.embed.manifest.res"
         Debug\Main.obj
         Debug\test.obj
       Manifest:
         C:\Program Files\Microsoft SDKs\Windows\v7.0A\bin\mt.exe /nologo /verbose /out:"Debug\MC Coord.exe.embed.manifest" /manifest "Debug\MC Coord.exe.intermediate.manifest"
         C:\Program Files\Microsoft SDKs\Windows\v7.0A\bin\rc.exe /nologo /fo"Debug\MC Coord.exe.embed.manifest.res" "Debug\MC Coord_manifest.rc" 
       LinkEmbedManifest:
         C:\Program Files\Microsoft Visual Studio 10.0\VC\bin\link.exe /ERRORREPORT:PROMPT /OUT:"E:\Work\C++\MC Coord\Debug\MC Coord.exe" /INCREMENTAL /NOLOGO kernel32.lib user32.lib gdi32.lib winspool.lib comdlg32.lib advapi32.lib shell32.lib ole32.lib oleaut32.lib uuid.lib odbc32.lib odbccp32.lib /MANIFEST /ManifestFile:"Debug\MC Coord.exe.intermediate.manifest" /MANIFESTUAC:"level='asInvoker' uiAccess='false'" /DEBUG /PDB:"E:\Work\C++\MC Coord\Debug\MC Coord.pdb" /SUBSYSTEM:CONSOLE /TLBID:1 /DYNAMICBASE /NXCOMPAT /IMPLIB:"E:\Work\C++\MC Coord\Debug\MC Coord.lib" /MACHINE:X86 "Debug\MC Coord.exe.embed.manifest.res"
         Debug\Main.obj
         Debug\test.obj
         MC Coord.vcxproj -> E:\Work\C++\MC Coord\Debug\MC Coord.exe
       FinalizeBuildStatus:
         Deleting file "Debug\MC Coord.unsuccessfulbuild".
         Touching "Debug\MC Coord.lastbuildstate".
     1>Done Building Project "E:\Work\C++\MC Coord\MC Coord\MC Coord.vcxproj" (build target(s)).

Build succeeded.

Time Elapsed 00:00:02.59
