Build started 18/12/2010 12:59:10 PM.
     1>Project "E:\Work\C++\PSP\PSP\PSP.vcxproj" on node 2 (build target(s)).
     1>Build:
         vsmake
         psp-gcc -I. -IE:/Programs/pspsdk/psp/sdk/include -O2 -G0 -Wall -D_PSP_FW_VERSION=150   -c -o main.o main.c
         psp-gcc -I. -IE:/Programs/pspsdk/psp/sdk/include -O2 -G0 -Wall -D_PSP_FW_VERSION=150  -L. -LE:/Programs/pspsdk/psp/sdk/lib   main.o  -lpspdebug -lpspdisplay -lpspge -lpspctrl -lpspsdk -lc -lpspnet -lpspnet_inet -lpspnet_apctl -lpspnet_resolver -lpsputility -lpspuser -lpspkernel -o template.elf
         psp-fixup-imports template.elf
         mksfo 'Template' PARAM.SFO
         psp-strip template.elf -o template_strip.elf
         pack-pbp EBOOT.PBP PARAM.SFO NULL  \
         	NULL NULL NULL  \
         	NULL  template_strip.elf NULL
         [0]        408 bytes | PARAM.SFO
         [1]          0 bytes | NULL
         [2]          0 bytes | NULL
         [3]          0 bytes | NULL
         [4]          0 bytes | NULL
         [5]          0 bytes | NULL
         [6]      61980 bytes | template_strip.elf
         [7]          0 bytes | NULL
         E:/Programs/pspsdk/bin/rm -f template_strip.elf
     1>Done Building Project "E:\Work\C++\PSP\PSP\PSP.vcxproj" (build target(s)).

Build succeeded.

Time Elapsed 00:00:05.46
