Build started 3/02/2011 5:50:24 PM.
     1>Project "E:\Work\C++\PSPPractice\PSPPractice\PSPPractice.vcxproj" on node 2 (build target(s)).
     1>Build:
         vsmake && copy EBOOT.PBP F:\PSP\GAME\MinecraftPSP
         The system cannot find the drive specified.
         psp-g++ -IC:\pspdev\psp\Projects\PSPPractice\PSPPractice -I. -IE:/Programs/pspsdk/psp/sdk/include -O2 -G0 -Wall -IE:/Programs/pspsdk/psp/sdk/../include  -fsingle-precision-constant -g -Wall -O2  -IC:\pspdev\psp\Projects\PSPPractice\PSPPractice -I. -IE:/Programs/pspsdk/psp/sdk/include -O2 -G0 -Wall -IE:/Programs/pspsdk/psp/sdk/../include  -fsingle-precision-constant -g -Wall -O2  -fno-exceptions -fno-rtti -D_PSP_FW_VERSION=150   -c -o WorldManager.o WorldManager.cpp
         psp-gcc -IC:\pspdev\psp\Projects\PSPPractice\PSPPractice -I. -IE:/Programs/pspsdk/psp/sdk/include -O2 -G0 -Wall -IE:/Programs/pspsdk/psp/sdk/../include  -fsingle-precision-constant -g -Wall -O2  -D_PSP_FW_VERSION=150  -L. -LE:/Programs/pspsdk/psp/sdk/lib -DMODULE_NAME="lesson1" psp-setup.c  Main.o Display.o Triangle.o Cube.o Controller.o Vector.o Texture.o FileManager.o WorldManager.o Inventory.o -lglut -lGLU -lGL -lm -lc -lpsputility -lpspdebug -lpspge -lpspdisplay -lpspctrl -lpspsdk -lpspvfpu -lpsplibc -lpspuser -lpspkernel -lpsprtc -lpsppower -lstdc++ -lpng -lz -lm -lpspdebug -lpspdisplay -lpspge -lpspctrl -lpspsdk -lc -lpspnet -lpspnet_inet -lpspnet_apctl -lpspnet_resolver -lpsputility -lpspuser -lpspkernel -o PSPGL-Moehammered.elf
         psp-fixup-imports PSPGL-Moehammered.elf
         psp-strip PSPGL-Moehammered.elf -o PSPGL-Moehammered_strip.elf
         pack-pbp EBOOT.PBP PARAM.SFO ICON0.png  \
         	NULL NULL PIC1.png  \
         	NULL  PSPGL-Moehammered_strip.elf NULL
         [0]        408 bytes | PARAM.SFO
         [1]      11711 bytes | ICON0.png
         [2]          0 bytes | NULL
         [3]          0 bytes | NULL
         [4]      89204 bytes | PIC1.png
         [5]          0 bytes | NULL
         [6]     294404 bytes | PSPGL-Moehammered_strip.elf
         [7]          0 bytes | NULL
         E:/Programs/pspsdk/bin/rm -f PSPGL-Moehammered_strip.elf
     1>C:\Program Files\MSBuild\Microsoft.Cpp\v4.0\Microsoft.MakeFile.Targets(38,5): error MSB3073: The command "vsmake && copy EBOOT.PBP F:\PSP\GAME\MinecraftPSP" exited with code 1.
     1>Done Building Project "E:\Work\C++\PSPPractice\PSPPractice\PSPPractice.vcxproj" (build target(s)) -- FAILED.

Build FAILED.

Time Elapsed 00:00:05.25
